
ROM used:   1956/8192 (24%)
            1956/8192 (24%) including unused fragments

            0.6 Average locations per line
            3.5 Average locations per statement

RAM used:   168/368 (46%) at main() level
            187/368 (51%) worst case

Stack used: 1 worst case (0 in main + 1 for interrupts)
Stack size: 8

Lines Stmts  %   Files
----- ----- ---  -----
  203   111  20  main_module.c
  761     0   0  C:\Program Files (x86)\PICC\Devices\16F886.h
   37     0   0  C:\Program Files (x86)\PICC\Drivers\stdio.h
  435     0   0  C:\Program Files (x86)\PICC\Drivers\string.h
   32     0   0  C:\Program Files (x86)\PICC\Drivers\stddef.h
   28     0   0  C:\Program Files (x86)\PICC\Drivers\ctype.h
 1352   359  65  C:\Program Files (x86)\PICC\Drivers\stdlib.h
  456    84  15  C:\Program Files (x86)\PICC\Drivers\lcd.c
----- -----
 3304   554 Total

Page ROM  %  RAM    Vol Diff  Functions:
---- --- --- ---    --- ----  ----------
0     20   1    1             @delay_ms1
 Inline         3    596  5.9  lcd_read_byte
0      6   0    0     59  4.2  lcd_read_nibble
0     15   1    1    179  3.3  lcd_send_nibble
0     82   4    3    460  4.7  lcd_send_byte
0     78   4    6    814  7.2  lcd_init
0     20   1    4    208  6.3  lcd_gotoxy
0     58   3    1    354  4.7  lcd_putc
0     14   1    0     32  1.0  timer1_isr
0     31   2    2    123  1.6  lcd_Show
0    103   5    9             @PRINTF_LU_897
0      2   0    0             @const918
0     80   4    4             @PSTRINGC7_897
0    138   7    4     59  2.6  convertTimer
 Inline        13             @DIV3232
0    981  50   41   4058 10.9  MAIN
0      6   0    0             @const947
0     82   4    4             @PSTRINGC7_9600_62_63
0      6   0    0             @const949
0     14   1    0             @const952
0     16   1    0             @const953
0      2   0    0             @const955
0      5   0    0             @const956
0      6   0    0             @const957
0     32   2    2             @PSTRINGR_9600_62_63
0     10   1    0             @goto37468
0      6   0    0             @const960
0     16   1    0             @const961
0      6   0    0             @const962
0     16   1    0             @const963
0      6   0    0             @const964
0      6   0    0             @const965
0      6   0    0             @const966
0      6   0    0             @const967
 Inline         0             @cinit1

Program metrics:
    Functions               11
    Statements              554
    Comments                813
    Volume (V)              9662
    Difficulty (D)          49.7
    Effort to implement (E) 480274
    Time to implement (T)   7 hours, 25 minutes
    Est Delivered Bugs (B)  2
    Cyclomatic Complexity   28
    Maintainability (MI)    106

 Segment     Used  Free
-----------  ----  ----
00000-00003     4  0  
00004-00050    77  0  
00051-007FF  1875  92  
00800-00FFF     0  2048  
01000-017FF     0  2048  
01800-01FFF     0  2048  



